Here is the main function of ASAM [AAAI 2018]
has opened the matlab engine
Load background (Street) noise wav...
go to model
********************************************************************************
Start to prepare data set
Finished data set preparation
Start to build models
Compiling...
Compiled, cost time: 0.003210 second
SUMMARY auditory_model
____________________________________________________________________________________________________
Layer (type)                     Output Shape          Param #     Connected to                     
====================================================================================================
input_clean_feature (InputLayer) (None, None, 129)     0                                            
____________________________________________________________________________________________________
masking_1 (Masking)              (None, None, 129)     0           input_clean_feature[0][0]        
____________________________________________________________________________________________________
input_mix_feature (InputLayer)   (None, 440, 129)      0                                            
____________________________________________________________________________________________________
bidirectional_3 (Bidirectional)  (None, None, 40)      24000       masking_1[0][0]                  
____________________________________________________________________________________________________
bidirectional_1 (Bidirectional)  (None, 440, 600)      1032000     input_mix_feature[0][0]          
____________________________________________________________________________________________________
bidirectional_4 (Bidirectional)  (None, None, 40)      9760        bidirectional_3[0][0]            
____________________________________________________________________________________________________
bidirectional_2 (Bidirectional)  (None, 440, 600)      2162400     bidirectional_1[0][0]            
____________________________________________________________________________________________________
input_target_spk (InputLayer)    (None, 1)             0                                            
____________________________________________________________________________________________________
MeanPool (MeanPool)              (None, 40)            0           bidirectional_4[0][0]            
____________________________________________________________________________________________________
timedistributed_1 (TimeDistribut (None, 440, 5160)     3101160     bidirectional_2[0][0]            
____________________________________________________________________________________________________
SpkLifeLongMemory (SpkLifeLongMe (None, 11, 40)        440         input_target_spk[0][0]           
                                                                   MeanPool[0][0]                   
____________________________________________________________________________________________________
reshape_1 (Reshape)              (None, 440, 129, 40)  0           timedistributed_1[0][0]          
____________________________________________________________________________________________________
SelectSpkMemory (SelectSpkMemory (None, 40)            0           input_target_spk[0][0]           
                                                                   SpkLifeLongMemory[0][0]          
____________________________________________________________________________________________________
Attention (Attention)            (None, 440, 129)      3240        reshape_1[0][0]                  
                                                                   SelectSpkMemory[0][0]            
____________________________________________________________________________________________________
input_mix_spectrum (InputLayer)  (None, 440, 129)      0                                            
____________________________________________________________________________________________________
target_clean_spectrum (Merge)    (None, 440, 129)      0           Attention[0][0]                  
                                                                   input_mix_spectrum[0][0]         
====================================================================================================
Total params: 6,333,000
Trainable params: 6,332,560
Non-trainable params: 440
____________________________________________________________________________________________________
SUMMARY spk_memory_model
____________________________________________________________________________________________________
Layer (type)                     Output Shape          Param #     Connected to                     
====================================================================================================
input_clean_feature (InputLayer) (None, None, 129)     0                                            
____________________________________________________________________________________________________
masking_1 (Masking)              (None, None, 129)     0           input_clean_feature[0][0]        
____________________________________________________________________________________________________
bidirectional_3 (Bidirectional)  (None, None, 40)      24000       masking_1[0][0]                  
____________________________________________________________________________________________________
bidirectional_4 (Bidirectional)  (None, None, 40)      9760        bidirectional_3[0][0]            
____________________________________________________________________________________________________
input_target_spk (InputLayer)    (None, 1)             0                                            
____________________________________________________________________________________________________
MeanPool (MeanPool)              (None, 40)            0           bidirectional_4[0][0]            
____________________________________________________________________________________________________
SpkLifeLongMemory (SpkLifeLongMe (None, 11, 40)        440         input_target_spk[0][0]           
                                                                   MeanPool[0][0]                   
____________________________________________________________________________________________________
SelectSpkMemory (SelectSpkMemory (None, 40)            0           input_target_spk[0][0]           
                                                                   SpkLifeLongMemory[0][0]          
====================================================================================================
Total params: 34,200
Trainable params: 33,760
Non-trainable params: 440
____________________________________________________________________________________________________
Finished models building
Start to train model ...
Current batch:1/1, epoch:1/150 and loss: 0.5496, cost time: 60.0380 sec.
Current evaluate:800 of ./valid_wavlist_WSJ0 and cost time: 198.3416 sec.
Current evaluate:810 of ./valid_wavlist_WSJ0 and cost time: 200.8500 sec.

[Epoch-valid: 1] - MSE Loss:1.045152
-----save----
binaural_weight_mag/WSJ0_weight_00001.h5
